# JRE version: OpenJDK Runtime Environment JBR-17.0.14+1-1367.22-nomod (17.0.14+1) (build 17.0.14+1-b1367.22)
# Java VM: OpenJDK 64-Bit Server VM JBR-17.0.14+1-1367.22-nomod (17.0.14+1-b1367.22, mixed mode, sharing, tiered, compressed oops, compressed class ptrs, g1 gc, windows-amd64)
GC Precious Log:
 CPUs: 8 total, 8 available
 Memory: 7914M
 Large Page Support: Disabled
 NUMA Support: Disabled
 Compressed Oops: Enabled (32-bit)
 Heap Region Size: 1M
 Heap Min Capacity: 8M
 Heap Initial Capacity: 124M
 Heap Max Capacity: 1980M
 Pre-touch: Disabled
 Parallel Workers: 8
 Concurrent Workers: 2
 Concurrent Refinement Workers: 8
 Periodic GC: Disabled
Heap:
 garbage-first heap   total 176128K, used 101043K [0x0000000084400000, 0x0000000100000000)
  region size 1024K, 2 young (2048K), 2 survivors (2048K)
 Metaspace       used 55543K, committed 55808K, reserved 1114112K
  class space    used 6320K, committed 6464K, reserved 1048576K
GC Heap History (20 events):
Event: 9.139 GC heap after
{Heap after GC invocations=16 (full 0):
 garbage-first heap   total 174080K, used 63373K [0x0000000084400000, 0x0000000100000000)
  region size 1024K, 9 young (9216K), 9 survivors (9216K)
 Metaspace       used 47965K, committed 48320K, reserved 1114112K
  class space    used 5791K, committed 5952K, reserved 1048576K
}
Event: 10.928 GC heap before
{Heap before GC invocations=16 (full 0):
 garbage-first heap   total 174080K, used 123789K [0x0000000084400000, 0x0000000100000000)
  region size 1024K, 68 young (69632K), 9 survivors (9216K)
 Metaspace       used 52209K, committed 52544K, reserved 1114112K
  class space    used 6171K, committed 6336K, reserved 1048576K
}
Event: 10.949 GC heap after
{Heap after GC invocations=17 (full 0):
 garbage-first heap   total 174080K, used 69793K [0x0000000084400000, 0x0000000100000000)
  region size 1024K, 8 young (8192K), 8 survivors (8192K)
 Metaspace       used 52209K, committed 52544K, reserved 1114112K
  class space    used 6171K, committed 6336K, reserved 1048576K
}
Event: 12.906 GC heap before
{Heap before GC invocations=17 (full 0):
 garbage-first heap   total 174080K, used 130209K [0x0000000084400000, 0x0000000100000000)
  region size 1024K, 65 young (66560K), 8 survivors (8192K)
 Metaspace       used 54104K, committed 54400K, reserved 1114112K
  class space    used 6278K, committed 6400K, reserved 1048576K
}
Event: 12.918 GC heap after
{Heap after GC invocations=18 (full 0):
 garbage-first heap   total 174080K, used 78539K [0x0000000084400000, 0x0000000100000000)
  region size 1024K, 7 young (7168K), 7 survivors (7168K)
 Metaspace       used 54104K, committed 54400K, reserved 1114112K
  class space    used 6278K, committed 6400K, reserved 1048576K
}
Event: 13.141 GC heap before
{Heap before GC invocations=18 (full 0):
 garbage-first heap   total 174080K, used 133835K [0x0000000084400000, 0x0000000100000000)
  region size 1024K, 61 young (62464K), 7 survivors (7168K)
 Metaspace       used 54124K, committed 54400K, reserved 1114112K
  class space    used 6278K, committed 6400K, reserved 1048576K
}
Event: 13.149 GC heap after
{Heap after GC invocations=19 (full 0):
 garbage-first heap   total 174080K, used 81256K [0x0000000084400000, 0x0000000100000000)
  region size 1024K, 3 young (3072K), 3 survivors (3072K)
 Metaspace       used 54124K, committed 54400K, reserved 1114112K
  class space    used 6278K, committed 6400K, reserved 1048576K
}
Event: 13.409 GC heap before
{Heap before GC invocations=19 (full 0):
 garbage-first heap   total 174080K, used 137576K [0x0000000084400000, 0x0000000100000000)
  region size 1024K, 58 young (59392K), 3 survivors (3072K)
 Metaspace       used 54231K, committed 54528K, reserved 1114112K
  class space    used 6283K, committed 6400K, reserved 1048576K
}
Event: 13.418 GC heap after
{Heap after GC invocations=20 (full 0):
 garbage-first heap   total 174080K, used 88002K [0x0000000084400000, 0x0000000100000000)
  region size 1024K, 8 young (8192K), 8 survivors (8192K)
 Metaspace       used 54231K, committed 54528K, reserved 1114112K
  class space    used 6283K, committed 6400K, reserved 1048576K
}
Event: 14.971 GC heap before
{Heap before GC invocations=21 (full 0):
 garbage-first heap   total 174080K, used 140226K [0x0000000084400000, 0x0000000100000000)
  region size 1024K, 59 young (60416K), 8 survivors (8192K)
 Metaspace       used 54869K, committed 55168K, reserved 1114112K
  class space    used 6309K, committed 6464K, reserved 1048576K
}
Event: 14.985 GC heap after
{Heap after GC invocations=22 (full 0):
 garbage-first heap   total 174080K, used 93306K [0x0000000084400000, 0x0000000100000000)
  region size 1024K, 5 young (5120K), 5 survivors (5120K)
 Metaspace       used 54869K, committed 55168K, reserved 1114112K
  class space    used 6309K, committed 6464K, reserved 1048576K
}
Event: 15.048 GC heap before
{Heap before GC invocations=22 (full 0):
 garbage-first heap   total 174080K, used 96378K [0x0000000084400000, 0x0000000100000000)
  region size 1024K, 8 young (8192K), 5 survivors (5120K)
 Metaspace       used 54872K, committed 55168K, reserved 1114112K
  class space    used 6309K, committed 6464K, reserved 1048576K
}
Event: 15.054 GC heap after
{Heap after GC invocations=23 (full 0):
 garbage-first heap   total 174080K, used 93184K [0x0000000084400000, 0x0000000100000000)
  region size 1024K, 1 young (1024K), 1 survivors (1024K)
 Metaspace       used 54872K, committed 55168K, reserved 1114112K
  class space    used 6309K, committed 6464K, reserved 1048576K
}
Event: 16.801 GC heap before
{Heap before GC invocations=23 (full 0):
 garbage-first heap   total 174080K, used 142336K [0x0000000084400000, 0x0000000100000000)
  region size 1024K, 49 young (50176K), 1 survivors (1024K)
 Metaspace       used 55303K, committed 55616K, reserved 1114112K
  class space    used 6316K, committed 6464K, reserved 1048576K
}
Event: 16.809 GC heap after
{Heap after GC invocations=24 (full 0):
 garbage-first heap   total 174080K, used 95758K [0x0000000084400000, 0x0000000100000000)
  region size 1024K, 4 young (4096K), 4 survivors (4096K)
 Metaspace       used 55303K, committed 55616K, reserved 1114112K
  class space    used 6316K, committed 6464K, reserved 1048576K
}
Event: 18.500 GC heap before
{Heap before GC invocations=25 (full 0):
 garbage-first heap   total 174080K, used 142862K [0x0000000084400000, 0x0000000100000000)
  region size 1024K, 50 young (51200K), 4 survivors (4096K)
 Metaspace       used 55542K, committed 55808K, reserved 1114112K
  class space    used 6319K, committed 6464K, reserved 1048576K
}
Event: 18.510 GC heap after
{Heap after GC invocations=26 (full 0):
 garbage-first heap   total 174080K, used 99585K [0x0000000084400000, 0x0000000100000000)
  region size 1024K, 7 young (7168K), 7 survivors (7168K)
 Metaspace       used 55542K, committed 55808K, reserved 1114112K
  class space    used 6319K, committed 6464K, reserved 1048576K
}
Event: 18.518 GC heap before
{Heap before GC invocations=26 (full 0):
 garbage-first heap   total 174080K, used 100609K [0x0000000084400000, 0x0000000100000000)
  region size 1024K, 8 young (8192K), 7 survivors (7168K)
 Metaspace       used 55542K, committed 55808K, reserved 1114112K
  class space    used 6319K, committed 6464K, reserved 1048576K
}
Event: 18.527 GC heap after
{Heap after GC invocations=27 (full 0):
 garbage-first heap   total 174080K, used 100019K [0x0000000084400000, 0x0000000100000000)
  region size 1024K, 1 young (1024K), 1 survivors (1024K)
 Metaspace       used 55542K, committed 55808K, reserved 1114112K
  class space    used 6319K, committed 6464K, reserved 1048576K
}
Event: 18.795 GC heap before
{Heap before GC invocations=27 (full 0):
 garbage-first heap   total 174080K, used 144051K [0x0000000084400000, 0x0000000100000000)
  region size 1024K, 44 young (45056K), 1 survivors (1024K)
 Metaspace       used 55543K, committed 55808K, reserved 1114112K
  class space    used 6320K, committed 6464K, reserved 1048576K
}

